<?xml version="1.0" encoding="UTF-8"?>
<!-- Generated by org.testng.reporters.JUnitReportReporter -->
<testsuite skipped="0" hostname="SKaans-MacBook-Pro.local" name="com.mockaroo.MockarooTG" tests="16" failures="0" timestamp="12 Jul 2018 04:22:14 GMT" time="17.506" errors="2">
  <testcase name="verifyTitle" time="0.012" classname="com.mockaroo.MockarooTG"/>
  <testcase name="realisticGen" time="0.074" classname="com.mockaroo.MockarooTG"/>
  <testcase name="removeX" time="6.460" classname="com.mockaroo.MockarooTG"/>
  <testcase name="fieldDisp" time="0.087" classname="com.mockaroo.MockarooTG"/>
  <testcase name="enabled" time="0.023" classname="com.mockaroo.MockarooTG"/>
  <testcase name="defaultNo" time="0.020" classname="com.mockaroo.MockarooTG"/>
  <testcase name="formatCsv" time="0.028" classname="com.mockaroo.MockarooTG"/>
  <testcase name="lineEnding" time="0.027" classname="com.mockaroo.MockarooTG"/>
  <testcase name="checkBox" time="0.000" classname="com.mockaroo.MockarooTG">
    <error type="java.lang.Error" message="Unresolved compilation problem: 
	The method assertFalse(boolean) is undefined for the type MockarooTG
">
      <![CDATA[java.lang.Error: Unresolved compilation problem: 
The method assertFalse(boolean) is undefined for the type MockarooTG

at com.mockaroo.MockarooTG.checkBox(MockarooTG.java:119)
at sun.reflect.NativeMethodAccessorImpl.invoke0(Native Method)
at sun.reflect.NativeMethodAccessorImpl.invoke(NativeMethodAccessorImpl.java:62)
at sun.reflect.DelegatingMethodAccessorImpl.invoke(DelegatingMethodAccessorImpl.java:43)
at java.lang.reflect.Method.invoke(Method.java:498)
at org.testng.internal.MethodInvocationHelper.invokeMethod(MethodInvocationHelper.java:124)
at org.testng.internal.Invoker.invokeMethod(Invoker.java:583)
at org.testng.internal.Invoker.invokeTestMethod(Invoker.java:719)
at org.testng.internal.Invoker.invokeTestMethods(Invoker.java:989)
at org.testng.internal.TestMethodWorker.invokeTestMethods(TestMethodWorker.java:125)
at org.testng.internal.TestMethodWorker.run(TestMethodWorker.java:109)
at org.testng.TestRunner.privateRun(TestRunner.java:648)
at org.testng.TestRunner.run(TestRunner.java:505)
at org.testng.SuiteRunner.runTest(SuiteRunner.java:455)
at org.testng.SuiteRunner.runSequentially(SuiteRunner.java:450)
at org.testng.SuiteRunner.privateRun(SuiteRunner.java:415)
at org.testng.SuiteRunner.run(SuiteRunner.java:364)
at org.testng.SuiteRunnerWorker.runSuite(SuiteRunnerWorker.java:52)
at org.testng.SuiteRunnerWorker.run(SuiteRunnerWorker.java:84)
at org.testng.TestNG.runSuitesSequentially(TestNG.java:1208)
at org.testng.TestNG.runSuitesLocally(TestNG.java:1137)
at org.testng.TestNG.runSuites(TestNG.java:1049)
at org.testng.TestNG.run(TestNG.java:1017)
at org.testng.remote.AbstractRemoteTestNG.run(AbstractRemoteTestNG.java:114)
at org.testng.remote.RemoteTestNG.initAndRun(RemoteTestNG.java:251)
at org.testng.remote.RemoteTestNG.main(RemoteTestNG.java:77)
]]>
    </error>
  </testcase> <!-- checkBox -->
  <testcase name="clickonAdd" time="0.200" classname="com.mockaroo.MockarooTG"/>
  <testcase name="chooseType" time="1.119" classname="com.mockaroo.MockarooTG"/>
  <testcase name="searchCity" time="2.161" classname="com.mockaroo.MockarooTG"/>
  <testcase name="searchCountry" time="3.505" classname="com.mockaroo.MockarooTG"/>
  <testcase name="download" time="1.784" classname="com.mockaroo.MockarooTG"/>
  <testcase name="readlines" time="2.004" classname="com.mockaroo.MockarooTG"/>
  <testcase name="cityArrayList" time="0.002" classname="com.mockaroo.MockarooTG">
    <error type="java.lang.IndexOutOfBoundsException" message="Index: 0, Size: 0">
      <![CDATA[java.lang.IndexOutOfBoundsException: Index: 0, Size: 0
at java.util.ArrayList.rangeCheck(ArrayList.java:657)
at java.util.ArrayList.remove(ArrayList.java:496)
at com.mockaroo.MockarooTG.cityArrayList(MockarooTG.java:210)
at sun.reflect.NativeMethodAccessorImpl.invoke0(Native Method)
at sun.reflect.NativeMethodAccessorImpl.invoke(NativeMethodAccessorImpl.java:62)
at sun.reflect.DelegatingMethodAccessorImpl.invoke(DelegatingMethodAccessorImpl.java:43)
at java.lang.reflect.Method.invoke(Method.java:498)
at org.testng.internal.MethodInvocationHelper.invokeMethod(MethodInvocationHelper.java:124)
at org.testng.internal.Invoker.invokeMethod(Invoker.java:583)
at org.testng.internal.Invoker.invokeTestMethod(Invoker.java:719)
at org.testng.internal.Invoker.invokeTestMethods(Invoker.java:989)
at org.testng.internal.TestMethodWorker.invokeTestMethods(TestMethodWorker.java:125)
at org.testng.internal.TestMethodWorker.run(TestMethodWorker.java:109)
at org.testng.TestRunner.privateRun(TestRunner.java:648)
at org.testng.TestRunner.run(TestRunner.java:505)
at org.testng.SuiteRunner.runTest(SuiteRunner.java:455)
at org.testng.SuiteRunner.runSequentially(SuiteRunner.java:450)
at org.testng.SuiteRunner.privateRun(SuiteRunner.java:415)
at org.testng.SuiteRunner.run(SuiteRunner.java:364)
at org.testng.SuiteRunnerWorker.runSuite(SuiteRunnerWorker.java:52)
at org.testng.SuiteRunnerWorker.run(SuiteRunnerWorker.java:84)
at org.testng.TestNG.runSuitesSequentially(TestNG.java:1208)
at org.testng.TestNG.runSuitesLocally(TestNG.java:1137)
at org.testng.TestNG.runSuites(TestNG.java:1049)
at org.testng.TestNG.run(TestNG.java:1017)
at org.testng.remote.AbstractRemoteTestNG.run(AbstractRemoteTestNG.java:114)
at org.testng.remote.RemoteTestNG.initAndRun(RemoteTestNG.java:251)
at org.testng.remote.RemoteTestNG.main(RemoteTestNG.java:77)
]]>
    </error>
  </testcase> <!-- cityArrayList -->
</testsuite> <!-- com.mockaroo.MockarooTG -->
